0 info it worked if it ends with ok
1 verbose cli [ '/home/ec2-user/.nvm/versions/node/v6.14.3/bin/node',
1 verbose cli   '/home/ec2-user/.nvm/versions/node/v6.14.3/bin/npm',
1 verbose cli   'run',
1 verbose cli   'dev' ]
2 info using npm@3.10.10
3 info using node@v6.14.3
4 verbose run-script [ 'predev', 'dev', 'postdev' ]
5 info lifecycle aws-lex-web-ui@0.13.2~predev: aws-lex-web-ui@0.13.2
6 silly lifecycle aws-lex-web-ui@0.13.2~predev: no script for predev, continuing
7 info lifecycle aws-lex-web-ui@0.13.2~dev: aws-lex-web-ui@0.13.2
8 verbose lifecycle aws-lex-web-ui@0.13.2~dev: unsafe-perm in lifecycle true
9 verbose lifecycle aws-lex-web-ui@0.13.2~dev: PATH: /home/ec2-user/.nvm/versions/node/v6.14.3/lib/node_modules/npm/bin/node-gyp-bin:/home/ec2-user/environment/aws-lex-web-ui/node_modules/.bin:/home/ec2-user/.nvm/versions/node/v6.14.3/bin:/usr/local/rvm/gems/ruby-2.4.1/bin:/usr/local/rvm/gems/ruby-2.4.1@global/bin:/usr/local/rvm/rubies/ruby-2.4.1/bin:/usr/local/bin:/bin:/usr/bin:/home/ec2-user/.local/bin:/home/ec2-user/bin:/usr/local/sbin:/usr/sbin:/sbin:/opt/aws/bin:/usr/local/rvm/bin:/home/ec2-user/.local/bin:/home/ec2-user/bin:/home/ec2-user/.local/bin:/home/ec2-user/bin
10 verbose lifecycle aws-lex-web-ui@0.13.2~dev: CWD: /home/ec2-user/environment/aws-lex-web-ui
11 silly lifecycle aws-lex-web-ui@0.13.2~dev: Args: [ '-c', 'webpack-dev-server' ]
12 info lifecycle aws-lex-web-ui@0.13.2~dev: Failed to exec dev script
13 verbose stack Error: aws-lex-web-ui@0.13.2 dev: `webpack-dev-server`
13 verbose stack spawn ENOENT
13 verbose stack     at ChildProcess.<anonymous> (/home/ec2-user/.nvm/versions/node/v6.14.3/lib/node_modules/npm/lib/utils/spawn.js:33:16)
13 verbose stack     at emitTwo (events.js:106:13)
13 verbose stack     at ChildProcess.emit (events.js:191:7)
13 verbose stack     at maybeClose (internal/child_process.js:920:16)
13 verbose stack     at Process.ChildProcess._handle.onexit (internal/child_process.js:230:5)
14 verbose pkgid aws-lex-web-ui@0.13.2
15 verbose cwd /home/ec2-user/environment/aws-lex-web-ui
16 error Linux 4.14.47-56.37.amzn1.x86_64
17 error argv "/home/ec2-user/.nvm/versions/node/v6.14.3/bin/node" "/home/ec2-user/.nvm/versions/node/v6.14.3/bin/npm" "run" "dev"
18 error node v6.14.3
19 error npm  v3.10.10
20 error file sh
21 error code ELIFECYCLE
22 error errno ENOENT
23 error syscall spawn
24 error aws-lex-web-ui@0.13.2 dev: `webpack-dev-server`
24 error spawn ENOENT
25 error Failed at the aws-lex-web-ui@0.13.2 dev script 'webpack-dev-server'.
25 error Make sure you have the latest version of node.js and npm installed.
25 error If you do, this is most likely a problem with the aws-lex-web-ui package,
25 error not with npm itself.
25 error Tell the author that this fails on your system:
25 error     webpack-dev-server
25 error You can get information on how to open an issue for this project with:
25 error     npm bugs aws-lex-web-ui
25 error Or if that isn't available, you can get their info via:
25 error     npm owner ls aws-lex-web-ui
25 error There is likely additional logging output above.
26 verbose exit [ 1, true ]
